C:\Users\andrej kanuch\Desktop\VisualItem\VisualItem\app.js
C:\Users\andrej kanuch\Desktop\VisualItem\VisualItem\app.js.map
C:\Users\andrej kanuch\Desktop\VisualItem\VisualItem\Controls\detailView.js
C:\Users\andrej kanuch\Desktop\VisualItem\VisualItem\Controls\detailView.js.map
C:\Users\andrej kanuch\Desktop\VisualItem\VisualItem\Helpers\exception.js
C:\Users\andrej kanuch\Desktop\VisualItem\VisualItem\Helpers\exception.js.map
C:\Users\andrej kanuch\Desktop\VisualItem\VisualItem\Helpers\common.js
C:\Users\andrej kanuch\Desktop\VisualItem\VisualItem\Helpers\common.js.map
C:\Users\andrej kanuch\Desktop\VisualItem\VisualItem\Controls\event.js
C:\Users\andrej kanuch\Desktop\VisualItem\VisualItem\Controls\event.js.map
C:\Users\andrej kanuch\Desktop\VisualItem\VisualItem\Controls\filterGroup.js
C:\Users\andrej kanuch\Desktop\VisualItem\VisualItem\Controls\filterGroup.js.map
C:\Users\andrej kanuch\Desktop\VisualItem\VisualItem\Controls\IView.js
C:\Users\andrej kanuch\Desktop\VisualItem\VisualItem\Controls\IView.js.map
C:\Users\andrej kanuch\Desktop\VisualItem\VisualItem\Data\droppableItem.js
C:\Users\andrej kanuch\Desktop\VisualItem\VisualItem\Data\droppableItem.js.map
C:\Users\andrej kanuch\Desktop\VisualItem\VisualItem\dragAndDrop.js
C:\Users\andrej kanuch\Desktop\VisualItem\VisualItem\dragAndDrop.js.map
C:\Users\andrej kanuch\Desktop\VisualItem\VisualItem\Helpers\bindingList.js
C:\Users\andrej kanuch\Desktop\VisualItem\VisualItem\Helpers\bindingList.js.map
C:\Users\andrej kanuch\Desktop\VisualItem\VisualItem\Helpers\command.js
C:\Users\andrej kanuch\Desktop\VisualItem\VisualItem\Helpers\command.js.map
C:\Users\andrej kanuch\Desktop\VisualItem\VisualItem\Helpers\koEngine.js
C:\Users\andrej kanuch\Desktop\VisualItem\VisualItem\Helpers\koEngine.js.map
C:\Users\andrej kanuch\Desktop\VisualItem\VisualItem\UI\itemList.js
C:\Users\andrej kanuch\Desktop\VisualItem\VisualItem\UI\itemList.js.map
C:\Users\andrej kanuch\Desktop\VisualItem\VisualItem\UI\visualItemController.js
C:\Users\andrej kanuch\Desktop\VisualItem\VisualItem\UI\visualItemController.js.map
